{
  "/home/shaiA/Music/bootcamp-45_greencommute/Frontend/src/Components/Organisms/SidePane/index.tsx": {
    "path": "/home/shaiA/Music/bootcamp-45_greencommute/Frontend/src/Components/Organisms/SidePane/index.tsx",
    "statementMap": {
      "0": {
        "start": { "line": 24, "column": 18 },
        "end": { "line": 24, "column": 29 }
      },
      "1": {
        "start": { "line": 25, "column": 34 },
        "end": { "line": 25, "column": 55 }
      },
      "2": {
        "start": { "line": 27, "column": 20 },
        "end": { "line": 40, "column": 3 }
      },
      "3": {
        "start": { "line": 28, "column": 4 },
        "end": { "line": 39, "column": 5 }
      },
      "4": {
        "start": { "line": 30, "column": 6 },
        "end": { "line": 30, "column": 50 }
      },
      "5": {
        "start": { "line": 32, "column": 9 },
        "end": { "line": 39, "column": 5 }
      },
      "6": {
        "start": { "line": 34, "column": 6 },
        "end": { "line": 34, "column": 27 }
      },
      "7": {
        "start": { "line": 38, "column": 6 },
        "end": { "line": 38, "column": 29 }
      },
      "8": {
        "start": { "line": 42, "column": 22 },
        "end": { "line": 49, "column": 3 }
      },
      "9": {
        "start": { "line": 44, "column": 55 },
        "end": { "line": 44, "column": 78 }
      },
      "10": {
        "start": { "line": 50, "column": 22 },
        "end": { "line": 57, "column": 3 }
      },
      "11": {
        "start": { "line": 51, "column": 4 },
        "end": { "line": 55, "column": 5 }
      },
      "12": {
        "start": { "line": 52, "column": 6 },
        "end": { "line": 52, "column": 23 }
      },
      "13": {
        "start": { "line": 53, "column": 11 },
        "end": { "line": 55, "column": 5 }
      },
      "14": {
        "start": { "line": 54, "column": 6 },
        "end": { "line": 54, "column": 23 }
      },
      "15": {
        "start": { "line": 56, "column": 4 },
        "end": { "line": 56, "column": 20 }
      },
      "16": {
        "start": { "line": 59, "column": 2 },
        "end": { "line": 173, "column": 4 }
      },
      "17": {
        "start": { "line": 70, "column": 12 },
        "end": { "line": 105, "column": 18 }
      },
      "18": {
        "start": { "line": 80, "column": 18 },
        "end": { "line": 80, "column": 41 }
      },
      "19": {
        "start": { "line": 113, "column": 12 },
        "end": { "line": 126, "column": 23 }
      },
      "20": {
        "start": { "line": 176, "column": 24 },
        "end": { "line": 176, "column": 27 }
      },
      "21": {
        "start": { "line": 178, "column": 18 },
        "end": { "line": 267, "column": 2 }
      }
    },
    "fnMap": {
      "0": {
        "name": "Sidepane",
        "decl": {
          "start": { "line": 23, "column": 9 },
          "end": { "line": 23, "column": 17 }
        },
        "loc": {
          "start": { "line": 23, "column": 36 },
          "end": { "line": 174, "column": 1 }
        },
        "line": 23
      },
      "1": {
        "name": "(anonymous_1)",
        "decl": {
          "start": { "line": 27, "column": 20 },
          "end": { "line": 27, "column": 21 }
        },
        "loc": {
          "start": { "line": 27, "column": 59 },
          "end": { "line": 40, "column": 3 }
        },
        "line": 27
      },
      "2": {
        "name": "(anonymous_2)",
        "decl": {
          "start": { "line": 44, "column": 12 },
          "end": { "line": 44, "column": 13 }
        },
        "loc": {
          "start": { "line": 44, "column": 55 },
          "end": { "line": 44, "column": 78 }
        },
        "line": 44
      },
      "3": {
        "name": "(anonymous_3)",
        "decl": {
          "start": { "line": 50, "column": 22 },
          "end": { "line": 50, "column": 23 }
        },
        "loc": {
          "start": { "line": 50, "column": 45 },
          "end": { "line": 57, "column": 3 }
        },
        "line": 50
      },
      "4": {
        "name": "(anonymous_4)",
        "decl": {
          "start": { "line": 69, "column": 25 },
          "end": { "line": 69, "column": 26 }
        },
        "loc": {
          "start": { "line": 70, "column": 12 },
          "end": { "line": 105, "column": 18 }
        },
        "line": 70
      },
      "5": {
        "name": "(anonymous_5)",
        "decl": {
          "start": { "line": 79, "column": 25 },
          "end": { "line": 79, "column": 26 }
        },
        "loc": {
          "start": { "line": 79, "column": 31 },
          "end": { "line": 81, "column": 17 }
        },
        "line": 79
      },
      "6": {
        "name": "(anonymous_6)",
        "decl": {
          "start": { "line": 112, "column": 25 },
          "end": { "line": 112, "column": 26 }
        },
        "loc": {
          "start": { "line": 113, "column": 12 },
          "end": { "line": 126, "column": 23 }
        },
        "line": 113
      }
    },
    "branchMap": {
      "0": {
        "loc": {
          "start": { "line": 28, "column": 4 },
          "end": { "line": 39, "column": 5 }
        },
        "type": "if",
        "locations": [
          {
            "start": { "line": 28, "column": 4 },
            "end": { "line": 39, "column": 5 }
          },
          {
            "start": { "line": 32, "column": 9 },
            "end": { "line": 39, "column": 5 }
          }
        ],
        "line": 28
      },
      "1": {
        "loc": {
          "start": { "line": 28, "column": 8 },
          "end": { "line": 28, "column": 97 }
        },
        "type": "binary-expr",
        "locations": [
          {
            "start": { "line": 28, "column": 9 },
            "end": { "line": 28, "column": 25 }
          },
          {
            "start": { "line": 28, "column": 29 },
            "end": { "line": 28, "column": 49 }
          },
          {
            "start": { "line": 28, "column": 55 },
            "end": { "line": 28, "column": 71 }
          },
          {
            "start": { "line": 28, "column": 75 },
            "end": { "line": 28, "column": 96 }
          }
        ],
        "line": 28
      },
      "2": {
        "loc": {
          "start": { "line": 32, "column": 9 },
          "end": { "line": 39, "column": 5 }
        },
        "type": "if",
        "locations": [
          {
            "start": { "line": 32, "column": 9 },
            "end": { "line": 39, "column": 5 }
          },
          {
            "start": { "line": 37, "column": 4 },
            "end": { "line": 39, "column": 5 }
          }
        ],
        "line": 32
      },
      "3": {
        "loc": {
          "start": { "line": 32, "column": 13 },
          "end": { "line": 32, "column": 58 }
        },
        "type": "binary-expr",
        "locations": [
          {
            "start": { "line": 32, "column": 13 },
            "end": { "line": 32, "column": 33 }
          },
          {
            "start": { "line": 32, "column": 37 },
            "end": { "line": 32, "column": 58 }
          }
        ],
        "line": 32
      },
      "4": {
        "loc": {
          "start": { "line": 51, "column": 4 },
          "end": { "line": 55, "column": 5 }
        },
        "type": "if",
        "locations": [
          {
            "start": { "line": 51, "column": 4 },
            "end": { "line": 55, "column": 5 }
          },
          {
            "start": { "line": 53, "column": 11 },
            "end": { "line": 55, "column": 5 }
          }
        ],
        "line": 51
      },
      "5": {
        "loc": {
          "start": { "line": 53, "column": 11 },
          "end": { "line": 55, "column": 5 }
        },
        "type": "if",
        "locations": [
          {
            "start": { "line": 53, "column": 11 },
            "end": { "line": 55, "column": 5 }
          },
          { "start": {}, "end": {} }
        ],
        "line": 53
      },
      "6": {
        "loc": {
          "start": { "line": 83, "column": 17 },
          "end": { "line": 85, "column": 17 }
        },
        "type": "binary-expr",
        "locations": [
          {
            "start": { "line": 83, "column": 18 },
            "end": { "line": 83, "column": 43 }
          },
          {
            "start": { "line": 83, "column": 47 },
            "end": { "line": 83, "column": 72 }
          },
          {
            "start": { "line": 84, "column": 18 },
            "end": { "line": 84, "column": 55 }
          }
        ],
        "line": 83
      },
      "7": {
        "loc": {
          "start": { "line": 103, "column": 15 },
          "end": { "line": 104, "column": 44 }
        },
        "type": "binary-expr",
        "locations": [
          {
            "start": { "line": 103, "column": 17 },
            "end": { "line": 103, "column": 33 }
          },
          {
            "start": { "line": 103, "column": 37 },
            "end": { "line": 103, "column": 62 }
          },
          {
            "start": { "line": 103, "column": 68 },
            "end": { "line": 103, "column": 84 }
          },
          {
            "start": { "line": 103, "column": 88 },
            "end": { "line": 103, "column": 114 }
          },
          {
            "start": { "line": 104, "column": 16 },
            "end": { "line": 104, "column": 44 }
          }
        ],
        "line": 103
      }
    },
    "s": {
      "0": 9,
      "1": 7,
      "2": 7,
      "3": 35,
      "4": 7,
      "5": 28,
      "6": 7,
      "7": 21,
      "8": 7,
      "9": 7,
      "10": 7,
      "11": 3,
      "12": 1,
      "13": 2,
      "14": 1,
      "15": 3,
      "16": 7,
      "17": 35,
      "18": 3,
      "19": 21,
      "20": 2,
      "21": 2
    },
    "f": { "0": 9, "1": 35, "2": 7, "3": 3, "4": 35, "5": 3, "6": 21 },
    "b": {
      "0": [7, 28],
      "1": [35, 30, 29, 5],
      "2": [7, 21],
      "3": [28, 27],
      "4": [1, 2],
      "5": [1, 1],
      "6": [35, 28, 14],
      "7": [35, 30, 29, 5, 7]
    },
    "_coverageSchema": "1a1c01bbd47fc00a2c39e90264f33305004495a9",
    "hash": "8923056867209317293d3518e93734fc659e1ba3"
  },
  "/home/shaiA/Music/bootcamp-45_greencommute/Frontend/src/Components/Organisms/UploadResume/index.tsx": {
    "path": "/home/shaiA/Music/bootcamp-45_greencommute/Frontend/src/Components/Organisms/UploadResume/index.tsx",
    "statementMap": {
      "0": {
        "start": { "line": 11, "column": 14 },
        "end": { "line": 19, "column": 1 }
      },
      "1": {
        "start": { "line": 26, "column": 22 },
        "end": { "line": 72, "column": 1 }
      },
      "2": {
        "start": { "line": 27, "column": 28 },
        "end": { "line": 27, "column": 52 }
      },
      "3": {
        "start": { "line": 28, "column": 34 },
        "end": { "line": 28, "column": 58 }
      },
      "4": {
        "start": { "line": 29, "column": 24 },
        "end": { "line": 32, "column": 5 }
      },
      "5": {
        "start": { "line": 30, "column": 8 },
        "end": { "line": 30, "column": 22 }
      },
      "6": {
        "start": { "line": 31, "column": 8 },
        "end": { "line": 31, "column": 24 }
      },
      "7": {
        "start": { "line": 33, "column": 25 },
        "end": { "line": 35, "column": 5 }
      },
      "8": {
        "start": { "line": 34, "column": 8 },
        "end": { "line": 34, "column": 26 }
      },
      "9": {
        "start": { "line": 36, "column": 4 },
        "end": { "line": 71, "column": 5 }
      },
      "10": {
        "start": { "line": 39, "column": 107 },
        "end": { "line": 39, "column": 120 }
      },
      "11": {
        "start": { "line": 53, "column": 96 },
        "end": { "line": 53, "column": 110 }
      },
      "12": {
        "start": { "line": 58, "column": 49 },
        "end": { "line": 58, "column": 93 }
      }
    },
    "fnMap": {
      "0": {
        "name": "(anonymous_0)",
        "decl": {
          "start": { "line": 26, "column": 22 },
          "end": { "line": 26, "column": 23 }
        },
        "loc": {
          "start": { "line": 26, "column": 40 },
          "end": { "line": 72, "column": 1 }
        },
        "line": 26
      },
      "1": {
        "name": "(anonymous_1)",
        "decl": {
          "start": { "line": 29, "column": 24 },
          "end": { "line": 29, "column": 25 }
        },
        "loc": {
          "start": { "line": 29, "column": 30 },
          "end": { "line": 32, "column": 5 }
        },
        "line": 29
      },
      "2": {
        "name": "(anonymous_2)",
        "decl": {
          "start": { "line": 33, "column": 25 },
          "end": { "line": 33, "column": 26 }
        },
        "loc": {
          "start": { "line": 33, "column": 30 },
          "end": { "line": 35, "column": 5 }
        },
        "line": 33
      },
      "3": {
        "name": "(anonymous_3)",
        "decl": {
          "start": { "line": 39, "column": 101 },
          "end": { "line": 39, "column": 102 }
        },
        "loc": {
          "start": { "line": 39, "column": 107 },
          "end": { "line": 39, "column": 120 }
        },
        "line": 39
      },
      "4": {
        "name": "(anonymous_4)",
        "decl": {
          "start": { "line": 53, "column": 90 },
          "end": { "line": 53, "column": 91 }
        },
        "loc": {
          "start": { "line": 53, "column": 96 },
          "end": { "line": 53, "column": 110 }
        },
        "line": 53
      },
      "5": {
        "name": "(anonymous_5)",
        "decl": {
          "start": { "line": 58, "column": 41 },
          "end": { "line": 58, "column": 42 }
        },
        "loc": {
          "start": { "line": 58, "column": 47 },
          "end": { "line": 58, "column": 95 }
        },
        "line": 58
      }
    },
    "branchMap": {
      "0": {
        "loc": {
          "start": { "line": 38, "column": 13 },
          "end": { "line": 38, "column": 103 }
        },
        "type": "binary-expr",
        "locations": [
          {
            "start": { "line": 38, "column": 13 },
            "end": { "line": 38, "column": 20 }
          },
          {
            "start": { "line": 38, "column": 24 },
            "end": { "line": 38, "column": 103 }
          }
        ],
        "line": 38
      }
    },
    "s": {
      "0": 2,
      "1": 2,
      "2": 12,
      "3": 12,
      "4": 12,
      "5": 0,
      "6": 0,
      "7": 12,
      "8": 0,
      "9": 12,
      "10": 1,
      "11": 0,
      "12": 0
    },
    "f": { "0": 12, "1": 0, "2": 0, "3": 1, "4": 0, "5": 0 },
    "b": { "0": [12, 0] },
    "_coverageSchema": "1a1c01bbd47fc00a2c39e90264f33305004495a9",
    "hash": "6b867b43ab2cbb35d5f028d1b032e78b4bf5e7b8"
  },
  "/home/shaiA/Music/bootcamp-45_greencommute/Frontend/src/Data/Cities.tsx": {
    "path": "/home/shaiA/Music/bootcamp-45_greencommute/Frontend/src/Data/Cities.tsx",
    "statementMap": {
      "0": {
        "start": { "line": 11, "column": 21 },
        "end": { "line": 17, "column": 1 }
      },
      "1": {
        "start": { "line": 18, "column": 25 },
        "end": { "line": 24, "column": 1 }
      },
      "2": {
        "start": { "line": 26, "column": 25 },
        "end": { "line": 30, "column": 1 }
      },
      "3": {
        "start": { "line": 33, "column": 22 },
        "end": { "line": 38, "column": 1 }
      },
      "4": {
        "start": { "line": 40, "column": 25 },
        "end": { "line": 46, "column": 1 }
      },
      "5": {
        "start": { "line": 50, "column": 31 },
        "end": { "line": 50, "column": 58 }
      },
      "6": {
        "start": { "line": 51, "column": 29 },
        "end": { "line": 51, "column": 110 }
      },
      "7": {
        "start": { "line": 52, "column": 21 },
        "end": { "line": 52, "column": 69 }
      },
      "8": {
        "start": { "line": 53, "column": 26 },
        "end": { "line": 53, "column": 133 }
      },
      "9": {
        "start": { "line": 54, "column": 24 },
        "end": { "line": 54, "column": 93 }
      },
      "10": {
        "start": { "line": 55, "column": 26 },
        "end": { "line": 55, "column": 94 }
      },
      "11": {
        "start": { "line": 56, "column": 23 },
        "end": { "line": 56, "column": 82 }
      },
      "12": {
        "start": { "line": 57, "column": 31 },
        "end": { "line": 57, "column": 100 }
      },
      "13": {
        "start": { "line": 58, "column": 25 },
        "end": { "line": 58, "column": 82 }
      },
      "14": {
        "start": { "line": 60, "column": 26 },
        "end": { "line": 60, "column": 57 }
      },
      "15": {
        "start": { "line": 61, "column": 21 },
        "end": { "line": 61, "column": 56 }
      },
      "16": {
        "start": { "line": 62, "column": 27 },
        "end": { "line": 62, "column": 417 }
      },
      "17": {
        "start": { "line": 63, "column": 23 },
        "end": { "line": 63, "column": 197 }
      },
      "18": {
        "start": { "line": 64, "column": 20 },
        "end": { "line": 64, "column": 90 }
      },
      "19": {
        "start": { "line": 65, "column": 19 },
        "end": { "line": 65, "column": 62 }
      },
      "20": {
        "start": { "line": 68, "column": 28 },
        "end": { "line": 68, "column": 62 }
      },
      "21": {
        "start": { "line": 69, "column": 28 },
        "end": { "line": 69, "column": 104 }
      },
      "22": {
        "start": { "line": 70, "column": 29 },
        "end": { "line": 70, "column": 81 }
      },
      "23": {
        "start": { "line": 71, "column": 31 },
        "end": { "line": 71, "column": 54 }
      },
      "24": {
        "start": { "line": 72, "column": 32 },
        "end": { "line": 72, "column": 56 }
      },
      "25": {
        "start": { "line": 73, "column": 20 },
        "end": { "line": 73, "column": 43 }
      },
      "26": {
        "start": { "line": 74, "column": 25 },
        "end": { "line": 74, "column": 53 }
      },
      "27": {
        "start": { "line": 75, "column": 24 },
        "end": { "line": 75, "column": 39 }
      },
      "28": {
        "start": { "line": 77, "column": 22 },
        "end": { "line": 77, "column": 25 }
      },
      "29": {
        "start": { "line": 78, "column": 0 },
        "end": { "line": 78, "column": 38 }
      },
      "30": {
        "start": { "line": 80, "column": 28 },
        "end": { "line": 80, "column": 61 }
      }
    },
    "fnMap": {},
    "branchMap": {},
    "s": {
      "0": 9,
      "1": 9,
      "2": 9,
      "3": 9,
      "4": 9,
      "5": 9,
      "6": 9,
      "7": 9,
      "8": 9,
      "9": 9,
      "10": 9,
      "11": 9,
      "12": 9,
      "13": 9,
      "14": 9,
      "15": 9,
      "16": 9,
      "17": 9,
      "18": 9,
      "19": 9,
      "20": 9,
      "21": 9,
      "22": 9,
      "23": 9,
      "24": 9,
      "25": 9,
      "26": 9,
      "27": 9,
      "28": 9,
      "29": 9,
      "30": 9
    },
    "f": {},
    "b": {},
    "_coverageSchema": "1a1c01bbd47fc00a2c39e90264f33305004495a9",
    "hash": "8e8baea17652b4be5b873417c3e96acc4f162ed4"
  }
}
