TN:
SF:src/Components/Organisms/SidePane/index.tsx
FN:23,Sidepane
FN:27,(anonymous_1)
FN:44,(anonymous_2)
FN:50,(anonymous_3)
FN:69,(anonymous_4)
FN:79,(anonymous_5)
FN:112,(anonymous_6)
FNF:7
FNH:7
FNDA:9,Sidepane
FNDA:35,(anonymous_1)
FNDA:7,(anonymous_2)
FNDA:3,(anonymous_3)
FNDA:35,(anonymous_4)
FNDA:3,(anonymous_5)
FNDA:21,(anonymous_6)
DA:24,9
DA:25,7
DA:27,7
DA:28,35
DA:30,7
DA:32,28
DA:34,7
DA:38,21
DA:42,7
DA:44,7
DA:50,7
DA:51,3
DA:52,1
DA:53,2
DA:54,1
DA:56,3
DA:59,7
DA:70,35
DA:80,3
DA:113,21
DA:176,2
DA:178,2
LF:22
LH:22
BRDA:28,0,0,7
BRDA:28,0,1,28
BRDA:28,1,0,35
BRDA:28,1,1,30
BRDA:28,1,2,29
BRDA:28,1,3,5
BRDA:32,2,0,7
BRDA:32,2,1,21
BRDA:32,3,0,28
BRDA:32,3,1,27
BRDA:51,4,0,1
BRDA:51,4,1,2
BRDA:53,5,0,1
BRDA:53,5,1,1
BRDA:83,6,0,35
BRDA:83,6,1,28
BRDA:83,6,2,14
BRDA:103,7,0,35
BRDA:103,7,1,30
BRDA:103,7,2,29
BRDA:103,7,3,5
BRDA:103,7,4,7
BRF:22
BRH:22
end_of_record
TN:
SF:src/Components/Organisms/UploadResume/index.tsx
FN:26,(anonymous_0)
FN:29,(anonymous_1)
FN:33,(anonymous_2)
FN:39,(anonymous_3)
FN:53,(anonymous_4)
FN:58,(anonymous_5)
FNF:6
FNH:2
FNDA:12,(anonymous_0)
FNDA:0,(anonymous_1)
FNDA:0,(anonymous_2)
FNDA:1,(anonymous_3)
FNDA:0,(anonymous_4)
FNDA:0,(anonymous_5)
DA:11,2
DA:26,2
DA:27,12
DA:28,12
DA:29,12
DA:30,0
DA:31,0
DA:33,12
DA:34,0
DA:36,12
DA:39,1
DA:53,0
DA:58,0
LF:13
LH:8
BRDA:38,0,0,12
BRDA:38,0,1,0
BRF:2
BRH:1
end_of_record
TN:
SF:src/Data/Cities.tsx
FNF:0
FNH:0
DA:11,9
DA:18,9
DA:26,9
DA:33,9
DA:40,9
DA:50,9
DA:51,9
DA:52,9
DA:53,9
DA:54,9
DA:55,9
DA:56,9
DA:57,9
DA:58,9
DA:60,9
DA:61,9
DA:62,9
DA:63,9
DA:64,9
DA:65,9
DA:68,9
DA:69,9
DA:70,9
DA:71,9
DA:72,9
DA:73,9
DA:74,9
DA:75,9
DA:77,9
DA:78,9
DA:80,9
LF:31
LH:31
BRF:0
BRH:0
end_of_record
